<?xml version="1.0" encoding="UTF-8"?>
<testng-results ignored="0" total="2" passed="2" failed="0" skipped="0">
  <reporter-output>
  </reporter-output>
  <suite started-at="2025-04-14T15:48:25 EDT" name="Master Suite" finished-at="2025-04-14T15:48:38 EDT" duration-ms="12518">
    <groups>
    </groups>
    <test started-at="2025-04-14T15:48:25 EDT" name="Test" finished-at="2025-04-14T15:48:38 EDT" duration-ms="12518">
      <class name="testCases.TC002_LoginTest">
        <test-method is-config="true" signature="setup(java.lang.String,java.lang.String)[pri:0, instance:testCases.TC002_LoginTest@481ba2cf]" started-at="2025-04-14T15:48:34 EDT" name="setup" finished-at="2025-04-14T15:48:36 EDT" duration-ms="2092" status="PASS">
          <params>
            <param index="0">
              <value>
                <![CDATA[windows]]>
              </value>
            </param>
            <param index="1">
              <value>
                <![CDATA[chrome]]>
              </value>
            </param>
          </params>
          <reporter-output>
          </reporter-output>
        </test-method> <!-- setup -->
        <test-method signature="verify_login()[pri:0, instance:testCases.TC002_LoginTest@481ba2cf]" started-at="2025-04-14T15:48:36 EDT" name="verify_login" finished-at="2025-04-14T15:48:37 EDT" duration-ms="1510" status="PASS">
          <reporter-output>
          </reporter-output>
        </test-method> <!-- verify_login -->
        <test-method is-config="true" signature="tearDown()[pri:0, instance:testCases.TC002_LoginTest@481ba2cf]" started-at="2025-04-14T15:48:37 EDT" name="tearDown" finished-at="2025-04-14T15:48:38 EDT" duration-ms="160" status="PASS">
          <reporter-output>
          </reporter-output>
        </test-method> <!-- tearDown -->
      </class> <!-- testCases.TC002_LoginTest -->
      <class name="testCases.TC001_AccountRegistrationTest">
        <test-method is-config="true" signature="setup(java.lang.String,java.lang.String)[pri:0, instance:testCases.TC001_AccountRegistrationTest@4671115f]" started-at="2025-04-14T15:48:25 EDT" name="setup" finished-at="2025-04-14T15:48:28 EDT" duration-ms="2775" status="PASS">
          <params>
            <param index="0">
              <value>
                <![CDATA[windows]]>
              </value>
            </param>
            <param index="1">
              <value>
                <![CDATA[chrome]]>
              </value>
            </param>
          </params>
          <reporter-output>
          </reporter-output>
        </test-method> <!-- setup -->
        <test-method signature="verify_account_registration()[pri:0, instance:testCases.TC001_AccountRegistrationTest@4671115f]" started-at="2025-04-14T15:48:28 EDT" name="verify_account_registration" finished-at="2025-04-14T15:48:34 EDT" duration-ms="5729" status="PASS">
          <reporter-output>
          </reporter-output>
        </test-method> <!-- verify_account_registration -->
        <test-method is-config="true" signature="tearDown()[pri:0, instance:testCases.TC001_AccountRegistrationTest@4671115f]" started-at="2025-04-14T15:48:34 EDT" name="tearDown" finished-at="2025-04-14T15:48:34 EDT" duration-ms="178" status="PASS">
          <reporter-output>
          </reporter-output>
        </test-method> <!-- tearDown -->
      </class> <!-- testCases.TC001_AccountRegistrationTest -->
    </test> <!-- Test -->
  </suite> <!-- Master Suite -->
</testng-results>
