<?xml version="1.0" encoding="UTF-8"?>
<testng-results ignored="0" total="2" passed="2" failed="0" skipped="0">
  <reporter-output>
  </reporter-output>
  <suite started-at="2025-04-13T22:29:16 EDT" name="Master Suite" finished-at="2025-04-13T22:29:29 EDT" duration-ms="13255">
    <groups>
    </groups>
    <test started-at="2025-04-13T22:29:16 EDT" name="Test" finished-at="2025-04-13T22:29:29 EDT" duration-ms="13255">
      <class name="testCases.TC002_LoginTest">
        <test-method is-config="true" signature="setup(java.lang.String,java.lang.String)[pri:0, instance:testCases.TC002_LoginTest@52c3cb31]" started-at="2025-04-13T22:29:25 EDT" name="setup" finished-at="2025-04-13T22:29:27 EDT" duration-ms="2144" status="PASS">
          <params>
            <param index="0">
              <value>
                <![CDATA[linux]]>
              </value>
            </param>
            <param index="1">
              <value>
                <![CDATA[chrome]]>
              </value>
            </param>
          </params>
          <reporter-output>
          </reporter-output>
        </test-method> <!-- setup -->
        <test-method signature="verify_login()[pri:0, instance:testCases.TC002_LoginTest@52c3cb31]" started-at="2025-04-13T22:29:27 EDT" name="verify_login" finished-at="2025-04-13T22:29:29 EDT" duration-ms="1626" status="PASS">
          <reporter-output>
          </reporter-output>
        </test-method> <!-- verify_login -->
        <test-method is-config="true" signature="tearDown()[pri:0, instance:testCases.TC002_LoginTest@52c3cb31]" started-at="2025-04-13T22:29:29 EDT" name="tearDown" finished-at="2025-04-13T22:29:29 EDT" duration-ms="89" status="PASS">
          <reporter-output>
          </reporter-output>
        </test-method> <!-- tearDown -->
      </class> <!-- testCases.TC002_LoginTest -->
      <class name="testCases.TC001_AccountRegistrationTest">
        <test-method is-config="true" signature="setup(java.lang.String,java.lang.String)[pri:0, instance:testCases.TC001_AccountRegistrationTest@1a20270e]" started-at="2025-04-13T22:29:16 EDT" name="setup" finished-at="2025-04-13T22:29:20 EDT" duration-ms="3832" status="PASS">
          <params>
            <param index="0">
              <value>
                <![CDATA[linux]]>
              </value>
            </param>
            <param index="1">
              <value>
                <![CDATA[chrome]]>
              </value>
            </param>
          </params>
          <reporter-output>
          </reporter-output>
        </test-method> <!-- setup -->
        <test-method signature="verify_account_registration()[pri:0, instance:testCases.TC001_AccountRegistrationTest@1a20270e]" started-at="2025-04-13T22:29:20 EDT" name="verify_account_registration" finished-at="2025-04-13T22:29:25 EDT" duration-ms="5423" status="PASS">
          <reporter-output>
          </reporter-output>
        </test-method> <!-- verify_account_registration -->
        <test-method is-config="true" signature="tearDown()[pri:0, instance:testCases.TC001_AccountRegistrationTest@1a20270e]" started-at="2025-04-13T22:29:25 EDT" name="tearDown" finished-at="2025-04-13T22:29:25 EDT" duration-ms="113" status="PASS">
          <reporter-output>
          </reporter-output>
        </test-method> <!-- tearDown -->
      </class> <!-- testCases.TC001_AccountRegistrationTest -->
    </test> <!-- Test -->
  </suite> <!-- Master Suite -->
</testng-results>
